|SourceProjectName:QM 2.2 MANUAL.hpr
|DestinationProjectName:index.htm
index_hha.hhk
index.hhc
index.hhk
Appendix_A\Appendix_A.htm
Appendix_A\CLIP_PICK.htm
Appendix_A\CLIP_PLACE.htm
Appendix_A\CLIP_POSITION.htm
Appendix_A\CLIP_REMOVE.htm
Appendix_A\Command_1.htm
Appendix_A\COR.htm
Appendix_A\DELAY.htm
Appendix_A\EZ_D.htm
Appendix_A\IF_COUNT.htm
Appendix_A\IF_DYN.htm
Appendix_A\IF_FALSE.htm
Appendix_A\IF_MESSAGE.htm
Appendix_A\IF_TRUE.htm
Appendix_A\OCR1.htm
Appendix_A\OCR2.htm
Appendix_A\RDR1.htm
Appendix_A\RDR2.htm
Appendix_A\ROB2.htm
Appendix_A\ROB3.htm
Appendix_A\ROB4.htm
Appendix_B\Scra_Robot_Manual_and_API\Appendix_A\Troubleshooting\End_Effector_Issue.htm
Appendix_B\Scra_Robot_Manual_and_API\Appendix_A\Troubleshooting\Motion_Issues.htm
Appendix_B\Scra_Robot_Manual_and_API\Appendix_A\Troubleshooting\Power-up,_Connection_Troubleshooting.htm
Appendix_B\Scra_Robot_Manual_and_API\Appendix_A\Troubleshooting\Recovering_From_Popped_Belts\Belt_Verification.htm
Appendix_B\Scra_Robot_Manual_and_API\Appendix_A\Troubleshooting\Recovering_From_Popped_Belts\Correcting_Belt-pop.htm
Appendix_B\Scra_Robot_Manual_and_API\Appendix_A\Troubleshooting\Recovering_From_Popped_Belts\Recovering_From_Popped_Belts.htm
Appendix_B\Scra_Robot_Manual_and_API\Appendix_A\Troubleshooting\Troubleshooting.htm
Appendix_B\Scra_Robot_Manual_and_API\Appendix_B\Jog_Modes_and_Reference_Frames\Jog_Modes_and_Reference_Frames.htm
Appendix_B\Scra_Robot_Manual_and_API\Appendix_B\Jog_Modes_and_Reference_Frames\Jogging_in_Joint_Mode.htm
Appendix_B\Scra_Robot_Manual_and_API\Appendix_B\Jog_Modes_and_Reference_Frames\Jogging_in_R-Theta_Mode.htm
Appendix_B\Scra_Robot_Manual_and_API\Appendix_B\Jog_Modes_and_Reference_Frames\Jogging_in_Tool_Mode.htm
Appendix_B\Scra_Robot_Manual_and_API\Appendix_B\Jog_Modes_and_Reference_Frames\Jogging_in_User_Reference_Mode.htm
Appendix_B\Scra_Robot_Manual_and_API\Appendix_B\Jog_Modes_and_Reference_Frames\Jogging_in_World_Mode.htm
Appendix_B\Scra_Robot_Manual_and_API\Appendix_B\Jog_Modes_and_Reference_Frames\Moving_to_Offsets_Within_a_User_Reference_Frame.htm
Appendix_B\Scra_Robot_Manual_and_API\Appendix_C\Station_Teaching_Strategies\Conclusion.htm
Appendix_B\Scra_Robot_Manual_and_API\Appendix_C\Station_Teaching_Strategies\Mapping_Out_a_Strategy.htm
Appendix_B\Scra_Robot_Manual_and_API\Appendix_C\Station_Teaching_Strategies\Putting_Scripts_Together\Blending.htm
Appendix_B\Scra_Robot_Manual_and_API\Appendix_C\Station_Teaching_Strategies\Putting_Scripts_Together\Linear_Motions.htm
Appendix_B\Scra_Robot_Manual_and_API\Appendix_C\Station_Teaching_Strategies\Putting_Scripts_Together\Putting_Scripts_Together.htm
Appendix_B\Scra_Robot_Manual_and_API\Appendix_C\Station_Teaching_Strategies\Putting_Scripts_Together\Speed_and_Acceleration.htm
Appendix_B\Scra_Robot_Manual_and_API\Appendix_C\Station_Teaching_Strategies\Station_Teaching_Strategies.htm
Appendix_B\Scra_Robot_Manual_and_API\Appendix_C\Station_Teaching_Strategies\Teaching_Efficient_Stations\Leveling.htm
Appendix_B\Scra_Robot_Manual_and_API\Appendix_C\Station_Teaching_Strategies\Teaching_Efficient_Stations\Station_Teaching.htm
Appendix_B\Scra_Robot_Manual_and_API\Appendix_C\Station_Teaching_Strategies\Teaching_Efficient_Stations\Teaching_Efficient_Stations.htm
Appendix_B\Scra_Robot_Manual_and_API\Appendix_C\Station_Teaching_Strategies\Teaching_Efficient_Stations\Verifying_Configuration.htm
Appendix_B\Scra_Robot_Manual_and_API\Description_of_System_Components\Controller_Unit\Controller_Mounting.htm
Appendix_B\Scra_Robot_Manual_and_API\Description_of_System_Components\Controller_Unit\General_Description.htm
Appendix_B\Scra_Robot_Manual_and_API\Description_of_System_Components\Description_of_System_Components.htm
Appendix_B\Scra_Robot_Manual_and_API\Description_of_System_Components\Robot_Mechanical_Unit_(RMU)\Cooling.htm
Appendix_B\Scra_Robot_Manual_and_API\Description_of_System_Components\Robot_Mechanical_Unit_(RMU)\General_Description.htm
Appendix_B\Scra_Robot_Manual_and_API\Description_of_System_Components\Robot_Mechanical_Unit_(RMU)\Robot_Mounting.htm
Appendix_B\Scra_Robot_Manual_and_API\Description_of_System_Components\Robot_Mechanical_Unit_(RMU)\Vacuum_Hoses.htm
Appendix_B\Scra_Robot_Manual_and_API\Description_of_System_Components\Teach_pendant.htm
Appendix_B\Scra_Robot_Manual_and_API\Introduction\General_Description.htm
Appendix_B\Scra_Robot_Manual_and_API\Mastering_The_Robot\Mastering_The_IR-820.htm
Appendix_B\Scra_Robot_Manual_and_API\Mastering_The_Robot\Mastering_The_Robot.htm
Appendix_B\Scra_Robot_Manual_and_API\References.htm
Appendix_B\Scra_Robot_Manual_and_API\Safety\Battery_Disposal.htm
Appendix_B\Scra_Robot_Manual_and_API\Safety\Definitions.htm
Appendix_B\Scra_Robot_Manual_and_API\Safety\Electrical_Hazards.htm
Appendix_B\Scra_Robot_Manual_and_API\Safety\Equipment_Harzards\Equipment_Hazards.htm
Appendix_B\Scra_Robot_Manual_and_API\Safety\Equipment_Harzards\Manual_Operation_Safety.htm
Appendix_B\Scra_Robot_Manual_and_API\Safety\Equipment_Harzards\Physical_Installation_Safety.htm
Appendix_B\Scra_Robot_Manual_and_API\Safety\Hardware_Safety_Interlocks.htm
Appendix_B\Scra_Robot_Manual_and_API\Safety\Inspection_of_System_Equipment_and_Maintenance_of_consumables.htm
Appendix_B\Scra_Robot_Manual_and_API\Safety\Personal_Protective_Equipment.htm
Appendix_B\Scra_Robot_Manual_and_API\Safety\Safety.htm
Appendix_B\Scra_Robot_Manual_and_API\Safety\Training_Requirements.htm
Appendix_B\Scra_Robot_Manual_and_API\Teaching_Stations\Basic_Concepts.htm
Appendix_B\Scra_Robot_Manual_and_API\Teaching_Stations\Prerequisites.htm
Appendix_B\Scra_Robot_Manual_and_API\Teaching_Stations\Teaching_Stations\Learning_The_Perch_Position.htm
Appendix_B\Scra_Robot_Manual_and_API\Teaching_Stations\Teaching_Stations\Save_The_Station_Database.htm
Appendix_B\Scra_Robot_Manual_and_API\Teaching_Stations\Teaching_Stations\Setting_Station_Parameters.htm
Appendix_B\Scra_Robot_Manual_and_API\Teaching_Stations\Teaching_Stations\Station_Touch-up.htm
Appendix_B\Scra_Robot_Manual_and_API\Teaching_Stations\Teaching_Stations\Teaching_Stations.htm
Appendix_B\Scra_Robot_Manual_and_API\Teaching_Stations\Teaching_Stations\Teaching_The_Inside_Position.htm
Appendix_B\Scra_Robot_Manual_and_API\Teaching_Stations\Teaching_Stations\Testing_Learned_Station.htm
Appendix_B\Scra_Robot_Manual_and_API\Teaching_Stations\Teaching_Stations.htm
Appendix_B\Scra_Robot_Manual_and_API\The_Teach_Pendant\Asserting_Control.htm
Appendix_B\Scra_Robot_Manual_and_API\The_Teach_Pendant\Teach_Pendant_Keypad\Entering_Alpha-numeric_Text.htm
Appendix_B\Scra_Robot_Manual_and_API\The_Teach_Pendant\Teach_Pendant_Keypad\Jogging.htm
Appendix_B\Scra_Robot_Manual_and_API\The_Teach_Pendant\Teach_Pendant_Keypad\Menu_Navigation.htm
Appendix_B\Scra_Robot_Manual_and_API\The_Teach_Pendant\Teach_Pendant_Keypad\Resetting_Errors.htm
Appendix_B\Scra_Robot_Manual_and_API\The_Teach_Pendant\Teach_Pendant_Keypad\Teach_Pendant_Keypad.htm
Appendix_B\Scra_Robot_Manual_and_API\The_Teach_Pendant\Teach_Pendant_Overview.htm
Appendix_B\Scra_Robot_Manual_and_API\The_Teach_Pendant\The_Teach_Pendant.htm
Appendix_B\Scra_Robot_Manual_and_API\Unpacking_and_Installation\Attaching_the_Robot_to_the_Controller.htm
Appendix_B\Scra_Robot_Manual_and_API\Unpacking_and_Installation\Configuring_the_Robot\Changing_the_Controller_s_IP_Address.htm
Appendix_B\Scra_Robot_Manual_and_API\Unpacking_and_Installation\Configuring_the_Robot\Configuring_for_a_Specific_End_Effector.htm
Appendix_B\Scra_Robot_Manual_and_API\Unpacking_and_Installation\Configuring_the_Robot\Establishing_a_Host_Connection_to_the_Controller.htm
Appendix_B\Scra_Robot_Manual_and_API\Unpacking_and_Installation\Jogging_the_Robot.htm
Appendix_B\Scra_Robot_Manual_and_API\Unpacking_and_Installation\Leveling_the_robot\Getting_the_Robot_Ready.htm
Appendix_B\Scra_Robot_Manual_and_API\Unpacking_and_Installation\Leveling_the_robot\Leveling_the_Axis.htm
Appendix_B\Scra_Robot_Manual_and_API\Unpacking_and_Installation\Leveling_the_robot\Levleing_the_Robot.htm
Appendix_B\Scra_Robot_Manual_and_API\Unpacking_and_Installation\Placing_the_Robot_in_the_Work_Cell.htm
Appendix_B\Scra_Robot_Manual_and_API\Unpacking_and_Installation\Powering_Up_the_Robot_and_Controller.htm
Appendix_B\Scra_Robot_Manual_and_API\Unpacking_and_Installation\Replacing_the_Encoder_Batteries.htm
Appendix_B\Scra_Robot_Manual_and_API\Unpacking_and_Installation\Unpacking_and_Installation.htm
Appendix_B\Scra_Robot_Manual_and_API\Unpacking_and_Installation\Unpacking_the_Robot.htm
Appendix_B\Scra_Robot_Manual_and_API\Unpacking_and_Installation\Verifying_Setting_the_controller_voltage.htm
Appendix_B\Scra_Robot_Manual_and_API\User_IO_Interface\E-stop_Circuit.htm
Appendix_B\Scra_Robot_Manual_and_API\User_IO_Interface\User_I_O_Connector.htm
Appendix_B\Scra_Robot_Manual_and_API\User_IO_Interface\User_I_O_Interface.htm
Appendix_C\Scara_Robot_API\API_Command_Reference\Abort.htm
Appendix_C\Scara_Robot_API\API_Command_Reference\Align.htm
Appendix_C\Scara_Robot_API\API_Command_Reference\API_Command_Reference.htm
Appendix_C\Scara_Robot_API\API_Command_Reference\Config.htm
Appendix_C\Scara_Robot_API\API_Command_Reference\Delete.htm
Appendix_C\Scara_Robot_API\API_Command_Reference\DeleteFrame.htm
Appendix_C\Scara_Robot_API\API_Command_Reference\Dir.htm
Appendix_C\Scara_Robot_API\API_Command_Reference\EFnum.htm
Appendix_C\Scara_Robot_API\API_Command_Reference\Event.htm
Appendix_C\Scara_Robot_API\API_Command_Reference\Fiduciary.htm
Appendix_C\Scara_Robot_API\API_Command_Reference\Flip.htm
Appendix_C\Scara_Robot_API\API_Command_Reference\Flipper.htm
Appendix_C\Scara_Robot_API\API_Command_Reference\Flush.htm
Appendix_C\Scara_Robot_API\API_Command_Reference\Get.htm
Appendix_C\Scara_Robot_API\API_Command_Reference\GetFrame(s).htm
Appendix_C\Scara_Robot_API\API_Command_Reference\GetStation(s).htm
Appendix_C\Scara_Robot_API\API_Command_Reference\GetXYZWPR.htm
Appendix_C\Scara_Robot_API\API_Command_Reference\Grip.htm
Appendix_C\Scara_Robot_API\API_Command_Reference\Help.htm
Appendix_C\Scara_Robot_API\API_Command_Reference\Init.htm
Appendix_C\Scara_Robot_API\API_Command_Reference\LCM.htm
Appendix_C\Scara_Robot_API\API_Command_Reference\Learn.htm
Appendix_C\Scara_Robot_API\API_Command_Reference\Logfile.htm
Appendix_C\Scara_Robot_API\API_Command_Reference\Map.htm
Appendix_C\Scara_Robot_API\API_Command_Reference\Mapper.htm
Appendix_C\Scara_Robot_API\API_Command_Reference\Move.htm
Appendix_C\Scara_Robot_API\API_Command_Reference\Output.htm
Appendix_C\Scara_Robot_API\API_Command_Reference\Passcontrol.htm
Appendix_C\Scara_Robot_API\API_Command_Reference\Pause.htm
Appendix_C\Scara_Robot_API\API_Command_Reference\Pick.htm
Appendix_C\Scara_Robot_API\API_Command_Reference\Place.htm
Appendix_C\Scara_Robot_API\API_Command_Reference\RCP.htm
Appendix_C\Scara_Robot_API\API_Command_Reference\Recover.htm
Appendix_C\Scara_Robot_API\API_Command_Reference\Release.htm
Appendix_C\Scara_Robot_API\API_Command_Reference\Remove.htm
Appendix_C\Scara_Robot_API\API_Command_Reference\Reset.htm
Appendix_C\Scara_Robot_API\API_Command_Reference\Restore.htm
Appendix_C\Scara_Robot_API\API_Command_Reference\Resume.htm
Appendix_C\Scara_Robot_API\API_Command_Reference\Retract.htm
Appendix_C\Scara_Robot_API\API_Command_Reference\RTP.htm
Appendix_C\Scara_Robot_API\API_Command_Reference\Save.htm
Appendix_C\Scara_Robot_API\API_Command_Reference\Seize.htm
Appendix_C\Scara_Robot_API\API_Command_Reference\Set.htm
Appendix_C\Scara_Robot_API\API_Command_Reference\SetFrame.htm
Appendix_C\Scara_Robot_API\API_Command_Reference\Sim.htm
Appendix_C\Scara_Robot_API\API_Command_Reference\Speed.htm
Appendix_C\Scara_Robot_API\API_Command_Reference\Status.htm
Appendix_C\Scara_Robot_API\API_Command_Reference\Unsim.htm
Appendix_C\Scara_Robot_API\API_Command_Reference\VacOff.htm
Appendix_C\Scara_Robot_API\API_Command_Reference\VacOn.htm
Appendix_C\Scara_Robot_API\API_Command_Reference\VacThreshSet.htm
Appendix_C\Scara_Robot_API\API_Command_Reference\Version.htm
Appendix_C\Scara_Robot_API\API_Command_Reference\Wait.htm
Appendix_C\Scara_Robot_API\API_Quick_Reference.htm
Appendix_C\Scara_Robot_API\Appendix_A\Motion_Command_Arguments.htm
Appendix_C\Scara_Robot_API\Appendix_B\Automatic_Input-state_Checking\Affected_Commands.htm
Appendix_C\Scara_Robot_API\Appendix_B\Automatic_Input-state_Checking\Description.htm
Appendix_C\Scara_Robot_API\Appendix_B\Automatic_Input-state_Checking\Notes.htm
Appendix_C\Scara_Robot_API\Appendix_C\Configuration_Options.htm
Appendix_C\Scara_Robot_API\Appendix_C\End-Effector_Configuration_Parameters.htm
Appendix_C\Scara_Robot_API\Appendix_C\Error_Event_Message\Error_Event_Messages_(1-50).htm
Appendix_C\Scara_Robot_API\Appendix_C\Error_Event_Message\Error_Event_Messages_(101-150).htm
Appendix_C\Scara_Robot_API\Appendix_C\Error_Event_Message\Error_Event_Messages_(151-200).htm
Appendix_C\Scara_Robot_API\Appendix_C\Error_Event_Message\Error_Event_Messages_(201-250).htm
Appendix_C\Scara_Robot_API\Appendix_C\Error_Event_Message\Error_event_Messages_(251-261).htm
Appendix_C\Scara_Robot_API\Appendix_C\Error_Event_Message\Error_Event_Messages_(51-100).htm
Appendix_C\Scara_Robot_API\Appendix_C\Host_Configuration_Parameters.htm
Appendix_C\Scara_Robot_API\Appendix_C\Jogging_Configuration_Parameters.htm
Appendix_C\Scara_Robot_API\Appendix_C\Mapper_Configuration_Parameters.htm
Appendix_C\Scara_Robot_API\Appendix_C\Motion_Configuration_Parameters.htm
Appendix_C\Scara_Robot_API\Appendix_C\Prealigner_Configuration_Parameters.htm
Appendix_C\Scara_Robot_API\Appendix_C\Robot_Configuration_Parameters.htm
Appendix_C\Scara_Robot_API\Appendix_C\Robot_Physical_Configuration_Parameters.htm
Appendix_C\Scara_Robot_API\Appendix_C\Servo_Configuration_Parameters.htm
Appendix_C\Scara_Robot_API\Appendix_C\Subsystem_Error_Messages\Flipper_Errors.htm
Appendix_C\Scara_Robot_API\Appendix_C\Subsystem_Error_Messages\Pre-Aligner_Errors.htm
Appendix_C\Scara_Robot_API\Appendix_C\System_Configuration_Parameters.htm
Appendix_D\Aligner_Manual_-_API\Align_Commands.htm
Appendix_D\Aligner_Manual_-_API\Aligner_Manual_-_API.htm
Appendix_D\Aligner_Manual_-_API\Command_Descriptions_Syntax.htm
Appendix_D\Aligner_Manual_-_API\Communication_Option_Commands.htm
Appendix_D\Aligner_Manual_-_API\Communication_Options.htm
Appendix_D\Aligner_Manual_-_API\Error_Codes.htm
Appendix_D\Aligner_Manual_-_API\Error_Handling.htm
Appendix_D\Aligner_Manual_-_API\Error_Status_Commands.htm
Appendix_D\Aligner_Manual_-_API\General_Commands.htm
Appendix_D\Aligner_Manual_-_API\Jogging_Commands_(Apply_to_the_chuck).htm
Appendix_D\Aligner_Manual_-_API\Laser_Edge_Sensor_Commands.htm
Appendix_D\Aligner_Manual_-_API\Memory_Commands.htm
Appendix_D\Aligner_Manual_-_API\Move_Commands_(Apply_to_the_chuck).htm
Appendix_D\Aligner_Manual_-_API\Position_Commands_(Apply_to_the_chuck).htm
Appendix_D\Aligner_Manual_-_API\RS232_RS422_RS485_Communications.htm
Appendix_D\Aligner_Manual_-_API\Servo_Commands_(Apply_to_the_chuck).htm
Appendix_D\Aligner_Manual_-_API\Speed_Commands_(Apply_to_the_chuck).htm
Appendix_D\Aligner_Manual_-_API\Stationing_Commands_(Apply_to_the_chuck).htm
Appendix_D\Aligner_Manual_-_API\Summary.htm
Appendix_D\Aligner_Manual_-_API\Vacuum_Commands.htm
Appendix_D\Aligner_Manual_-_API\Variable_Commands.htm
Appendix_D\Aligner_Manual_-_API\Z-Axis_Commands_(Lifting_pins).htm
Appendix_E\Gripprt_Manual_-_API\Commands_Syntax.htm
Appendix_E\Gripprt_Manual_-_API\Communication_Option_Commands.htm
Appendix_E\Gripprt_Manual_-_API\Communication_Options.htm
Appendix_E\Gripprt_Manual_-_API\Error_Codes.htm
Appendix_E\Gripprt_Manual_-_API\Error_Handling.htm
Appendix_E\Gripprt_Manual_-_API\Error_Status_Commands.htm
Appendix_E\Gripprt_Manual_-_API\Gripper_Commands.htm
Appendix_E\Gripprt_Manual_-_API\Gripper_Manual_-_API.htm
Appendix_E\Gripprt_Manual_-_API\Jog_Commands_(Primarily_used_for_diagnostics).htm
Appendix_E\Gripprt_Manual_-_API\Laser_Commands.htm
Appendix_E\Gripprt_Manual_-_API\Memory_Commands.htm
Appendix_E\Gripprt_Manual_-_API\Move_Commands_(primarily_used_for_diagnostics).htm
Appendix_E\Gripprt_Manual_-_API\Physical_Layer.htm
Appendix_E\Gripprt_Manual_-_API\Position_Commands_(Primarily_used_for_diagnostics).htm
Appendix_E\Gripprt_Manual_-_API\Servo_Commands.htm
Appendix_E\Gripprt_Manual_-_API\Summary.htm
Appendix_E\Gripprt_Manual_-_API\temp.htm
Appendix_E\Gripprt_Manual_-_API\Variable_Commands.htm
Cover.htm
Description_of_Tool_Components\Flipper.htm
Description_of_Tool_Components\Gripper_(Vortex_Edge_gripper).htm
Description_of_Tool_Components\Load_Port.htm
Description_of_Tool_Components\Mapper.htm
Description_of_Tool_Components\PLC.htm
Description_of_Tool_Components\Pre-Aligner.htm
Description_of_Tool_Components\Robot_Mechanical_Unit_(RMU).htm
Description_of_Tool_Components\Scara_Controller.htm
Introduction\General_Description.htm
Reference.htm
Safety\Definitions.htm
Safety\Electrical_Hazards.htm
Safety\Emergency_Contact.htm
Safety\Equipment_Hazards\Equipment_Hazards.htm
Safety\Equipment_Hazards\Manual_Opertion_Safety.htm
Safety\Equipment_Hazards\Physical_Installation_Safety.htm
Safety\Hardware_Safety_Interlocks.htm
Safety\Inspection_of_System_Equipment_and_Maintenance_of_Consumables.htm
Safety\MainPage_Safety.htm
Safety\Personal_protective_Equipment.htm
Safety\Safety.htm
Safety\Seimic_Safety.htm
Safety\Training_Requirements.htm
Subcomponent_Manuals\Subcomponent_Manuals.htm
System_Software\Automatic_Mode.htm
System_Software\Introduction.htm
System_Software\Semi_Automatic_Mode.htm
template\Azure_Blue\usersettings.js
index.glo
s_QM_2.2_MANUAL.css
template\Azure_Blue\layout-rtl.css
template\Azure_Blue\layout.css
template\Azure_Blue\social_close_ltr.png
template\Azure_Blue\toc_desktop.png
template\Azure_Blue\glossary_tab.png
template\Azure_Blue\search_mobile.png
template\Azure_Blue\social_close_rtl.png
template\Azure_Blue\preview\index.png
template\Azure_Blue\print_desktop.png
template\Azure_Blue\social_open.png
template\Azure_Blue\filter_mark_radio.png
template\Azure_Blue\index_tab.png
template\Azure_Blue\filter_nomark.png
template\Azure_Blue\toc_topic_desktop.png
template\Azure_Blue\search_desktop.png
template\Azure_Blue\slider_open_ltr.png
template\Azure_Blue\slider_open_rtl.png
template\Azure_Blue\glossary_desktop.png
template\Azure_Blue\filter_clearall.png
template\Azure_Blue\preview\sidebar-desktop.png
template\Azure_Blue\filter_tab.png
template\Azure_Blue\preview\toc-mobile.png
template\Azure_Blue\toc_link_desktop_ltr.png
template\Azure_Blue\next_active.png
template\Azure_Blue\search_desktop_active.png
template\Azure_Blue\search_mobile_active.png
template\Azure_Blue\next_mobile.png
template\Azure_Blue\filter_mobile_applied.png
template\Azure_Blue\preview\search-mobile.png
template\Azure_Blue\preview\sidebar-mobile.png
template\Azure_Blue\preview\user-settings.png
template\Azure_Blue\slider_ltr.png
template\Azure_Blue\next.png
template\Azure_Blue\slider_rtl.png
template\Azure_Blue\menu.png
template\Azure_Blue\preview\functionbar-mobile.png
template\Azure_Blue\preview\functionbar-tablet.png
QM_2.2_MANUAL_020_01.png
QM_2.2_MANUAL_019_01.png
QM_2.2_MANUAL_017_01.png
QM_2.2_MANUAL_015_01.png
QM_2.2_MANUAL_014_01.png
QM_2.2_MANUAL_002_00.png
QM_2.2_MANUAL_001_00.png
template\Azure_Blue\filter_tab_applied.png
template\Azure_Blue\previous_tab_active.png
template\Azure_Blue\index_mobile.png
template\Azure_Blue\filter_desktop_applied.png
template\Azure_Blue\andsearch_mark.png
template\Azure_Blue\preview\filter.png
template\Azure_Blue\toc_tab.png
template\Azure_Blue\andsearch_nomark.png
template\Azure_Blue\search_mobile_navigation.png
template\Azure_Blue\toc_book_open_desktop.png
template\Azure_Blue\toc_book_open_drildown.png
template\Azure_Blue\toc_link_desktop_rtl.png
template\Azure_Blue\toc_topic_mobile.png
template\Azure_Blue\back_mobile_ltr.png
template\Azure_Blue\previous.png
template\Azure_Blue\back_mobile_rtl.png
template\Azure_Blue\back_mobile_filter.png
template\Azure_Blue\next_mobile_active.png
template\Azure_Blue\filter_mobile.png
template\Azure_Blue\loading.gif
template\Azure_Blue\preview\filter-mobile.png
template\Azure_Blue\preview\glossary.png
template\Azure_Blue\preview\sidebar-tablet.png
template\Azure_Blue\preview\layout-media-queries.png
template\Azure_Blue\glossary_mobile.png
template\Azure_Blue\previous_mobile.png
template\Azure_Blue\idx_topic.png
template\Azure_Blue\top.png
template\Azure_Blue\filter_desktop.png
template\Azure_Blue\search_tab.png
template\Azure_Blue\filter_mark.png
template\Azure_Blue\logo.png
template\Azure_Blue\toc_book_closed_mobile.png
template\Azure_Blue\preview\functionbar-desktop.png
template\Azure_Blue\toc_link_mobile_ltr.png
template\Azure_Blue\filter_nomark_radio.png
template\Azure_Blue\toc_link_mobile_rtl.png
template\Azure_Blue\preview\content.png
template\Azure_Blue\previous_tab.png
template\Azure_Blue\toc_mobile.png
template\Azure_Blue\previous_mobile_active.png
template\Azure_Blue\toc_book_closed_desktop.png
template\Azure_Blue\preview\toc-desktop.png
template\Azure_Blue\preview\search.png
template\Azure_Blue\preview\header.png
template\Azure_Blue\search_desktop_navigation.png
template\Azure_Blue\index_desktop.png
template\Azure_Blue\toc_book_open_mobile.png
template\Azure_Blue\previous_active.png
template\Azure_Blue\next_tab_active.png
template\Azure_Blue\next_tab.png
template\Azure_Blue\preview\social.png
RoboHHRE.lng
ehlpdhtm.js
index.ppf
index.htm
SearchOptions.xml
whxdata\toc1.js
whxdata\toc1.new.js
whxdata\toc3.js
whxdata\toc3.new.js
whxdata\toc2.js
whxdata\toc2.new.js
whxdata\toc4.js
whxdata\toc4.new.js
whxdata\toc5.js
whxdata\toc5.new.js
whxdata\toc6.js
whxdata\toc6.new.js
whxdata\toc7.js
whxdata\toc7.new.js
whxdata\toc10.js
whxdata\toc10.new.js
whxdata\toc12.js
whxdata\toc12.new.js
whxdata\toc11.js
whxdata\toc11.new.js
whxdata\toc14.js
whxdata\toc14.new.js
whxdata\toc15.js
whxdata\toc15.new.js
whxdata\toc13.js
whxdata\toc13.new.js
whxdata\toc16.js
whxdata\toc16.new.js
whxdata\toc18.js
whxdata\toc18.new.js
whxdata\toc19.js
whxdata\toc19.new.js
whxdata\toc17.js
whxdata\toc17.new.js
whxdata\toc20.js
whxdata\toc20.new.js
whxdata\toc22.js
whxdata\toc22.new.js
whxdata\toc21.js
whxdata\toc21.new.js
whxdata\toc24.js
whxdata\toc24.new.js
whxdata\toc23.js
whxdata\toc23.new.js
whxdata\toc27.js
whxdata\toc27.new.js
whxdata\toc26.js
whxdata\toc26.new.js
whxdata\toc25.js
whxdata\toc25.new.js
whxdata\toc29.js
whxdata\toc29.new.js
whxdata\toc28.js
whxdata\toc28.new.js
whxdata\toc32.js
whxdata\toc32.new.js
whxdata\toc33.js
whxdata\toc33.new.js
whxdata\toc31.js
whxdata\toc31.new.js
whxdata\toc30.js
whxdata\toc30.new.js
whxdata\toc9.js
whxdata\toc9.new.js
whxdata\toc8.js
whxdata\toc8.new.js
whxdata\toc36.js
whxdata\toc36.new.js
whxdata\toc37.js
whxdata\toc37.new.js
whxdata\toc39.js
whxdata\toc39.new.js
whxdata\toc38.js
whxdata\toc38.new.js
whxdata\toc41.js
whxdata\toc41.new.js
whxdata\toc42.js
whxdata\toc42.new.js
whxdata\toc40.js
whxdata\toc40.new.js
whxdata\toc35.js
whxdata\toc35.new.js
whxdata\toc34.js
whxdata\toc34.new.js
whxdata\toc44.js
whxdata\toc44.new.js
whxdata\toc43.js
whxdata\toc43.new.js
whxdata\toc46.js
whxdata\toc46.new.js
whxdata\toc45.js
whxdata\toc45.new.js
whxdata\toc.js
whxdata\toc.new.js
whxdata\idx.js
whxdata\glo.js
whxdata\package_0_xml.js
whxdata\package_1_xml.js
whxdata\package_2_xml.js
whxdata\package_3_xml.js
whxdata\package_4_xml.js
whxdata\package_5_xml.js
whxdata\package_6_xml.js
whxdata\package_7_xml.js
whxdata\package_8_xml.js
whxdata\package_9_xml.js
whxdata\package_10_xml.js
whxdata\package_11_xml.js
whxdata\package_12_xml.js
whxdata\package_13_xml.js
whxdata\package_14_xml.js
whxdata\package_15_xml.js
whxdata\package_16_xml.js
whxdata\package_17_xml.js
whxdata\package_18_xml.js
whxdata\package_19_xml.js
whxdata\package_20_xml.js
whxdata\package_21_xml.js
whxdata\package_22_xml.js
whxdata\package_23_xml.js
whxdata\package_24_xml.js
whxdata\package_25_xml.js
whxdata\package_26_xml.js
whxdata\package_27_xml.js
whxdata\package_28_xml.js
whxdata\package_29_xml.js
whxdata\package_30_xml.js
whxdata\package_31_xml.js
whxdata\package_32_xml.js
whxdata\package_33_xml.js
whxdata\package_34_xml.js
whxdata\package_35_xml.js
whxdata\package_36_xml.js
whxdata\package_37_xml.js
whxdata\package_38_xml.js
whxdata\package_39_xml.js
whxdata\package_40_xml.js
whxdata\package_41_xml.js
whxdata\package_42_xml.js
whxdata\package_43_xml.js
whxdata\package_44_xml.js
whxdata\packageindex_xml.js
whxdata\synonym.xml
whxdata\synonym_xml.js
whxdata\topictable_0_xml.js
whxdata\topictable_1_xml.js
whxdata\topictable_2_xml.js
whxdata\topictable_3_xml.js
whxdata\topictable_4_xml.js
whxdata\topictable_5_xml.js
whxdata\topictable_6_xml.js
whxdata\topictableindex_xml.js
whxdata\whfts.xml
whxdata\whfts_xml.js
whxdata\csh.js
whxdata\window.js
projectdata.js
